3:22
[11:26:00.913655]4 "linux8-1", "linux8-2", "linux8-3", "linux8-4"
[11:26:01.092468]4 "linux8-1", "linux8-2", "linux8-3", "linux8-4"
[11:26:11.120537]2 "linux8-1", "linux8-2"
[11:26:21.147086]2 "linux8-1", "linux8-2"
[11:26:31.175447]3 "linux8-1", "linux8-2", "linux8-3"
[11:26:41.204116]3 "linux8-1", "linux8-2", "linux8-3"
[11:26:51.232438]4 "linux8-1", "linux8-2", "linux8-3", "linux8-4"
[11:27:01.261242]4 "linux8-1", "linux8-2", "linux8-3", "linux8-4"
[11:27:11.287869]5 "linux8-1", "linux8-2", "linux8-3", "linux8-4", "linux9-1"
[11:27:21.320936]5 "linux8-1", "linux8-2", "linux8-3", "linux8-4", "linux9-1"
[11:27:31.349997] "linux8-1", "linux8-2", "linux8-3", "linux8-4", "linux9-1", "linux9-2"
[11:27:41.381345] "linux8-1", "linux8-2", "linux8-3", "linux8-4", "linux9-1", "linux9-2"
[11:27:51.409523] "linux8-1", "linux8-2", "linux8-3", "linux8-4", "linux9-1", "linux9-2", "linux9-3"
[11:28:01.440620] "linux8-1", "linux8-2", "linux8-3", "linux8-4", "linux9-1", "linux9-2", "linux9-3", "linux9-4"
[11:28:11.468944] "linux8-1", "linux8-2", "linux8-3", "linux8-4", "linux9-1", "linux9-2", "linux9-3", "linux9-4"
[11:28:21.496047] "linux8-1", "linux8-2", "linux8-3", "linux8-4", "linux9-1", "linux9-2", "linux9-3", "linux9-4"
[11:28:31.522284] "linux8-1", "linux8-2", "linux8-3", "linux8-4", "linux9-1", "linux9-2", "linux9-3", "linux9-4"
[11:28:41.548519] "linux8-1", "linux8-2", "linux8-3", "linux8-4", "linux9-1", "linux9-2", "linux9-3", "linux9-4"
[11:28:41.548519] "linux8-1", "linux8-2", "linux8-3", "linux8-4", "linux9-1", "linux9-2", "linux9-3", "linux9-4"
[11:28:51.573296] "linux8-1", "linux8-2", "linux8-3", "linux8-4", "linux9-1", "linux9-2", "linux9-3", "linux9-4"
[11:29:01.606747] "linux8-1", "linux8-2", "linux8-3", "linux8-4", "linux9-1", "linux9-2", "linux9-3", "linux9-4"
[11:29:11.632106] "linux8-1", "linux8-2", "linux8-3", "linux8-4", "linux9-1", "linux9-2", "linux9-3", "linux9-4"
[11:29:21.656615] "linux8-1", "linux8-2", "linux8-3", "linux8-4", "linux9-1", "linux9-2", "linux9-3", "linux9-4"



3:43
[12:03:37.245426] "linux8-1", "linux8-2", "linux8-3", "linux8-4"
[12:03:41.855603] "linux8-1", "linux8-2", "linux8-3", "linux8-4"
[12:03:51.888714] "linux8-1", "linux8-2"
[12:04:01.918577] "linux8-1", "linux8-2"
[12:04:11.947296] "linux8-1", "linux8-2", "linux8-3"
[12:04:21.974629] "linux8-1", "linux8-2", "linux9-3", "linux9-4"
[12:04:31.997871] "linux8-1", "linux8-2"
[12:04:42.021296] "linux8-1", "linux8-2"
[12:04:52.043423] "linux8-1", "linux8-2"
[12:05:02.066118] "linux8-1", "linux8-2"
[12:05:12.083737] "linux8-1", "linux8-2"
[12:05:22.107101] "linux8-1", "linux8-2"
[12:05:32.129673] "linux8-1", "linux8-2"
[12:05:36.859779] "linux8-1", "linux8-2", "linux9-1"
[12:05:37.737266] "linux8-1", "linux8-2", "linux9-1", "linux9-2"
[12:05:38.583632] "linux8-1", "linux8-2", "linux9-1", "linux9-2", "linux9-3"
[12:05:39.828537] "linux8-1", "linux8-2", "linux9-1", "linux9-2", "linux9-3", "linux9-4"
[12:05:41.337424] "linux8-1", "linux8-2", "linux8-4", "linux9-1", "linux9-2", "linux9-3", "linux9-4"
[12:05:42.452104] "linux8-1", "linux8-2", "linux8-3", "linux8-4", "linux9-1", "linux9-2", "linux9-3"
[12:05:52.182823] "linux8-1", "linux8-2", "linux8-3", "linux8-4", "linux9-1", "linux9-2", "linux9-3", "linux9-4"
[12:06:02.209253] "linux8-1", "linux8-2", "linux8-3", "linux8-4", "linux9-1", "linux9-2", "linux9-3", "linux9-4"
[12:06:12.226843] "linux8-1", "linux8-2", "linux8-3", "linux8-4", "linux9-1", "linux9-2", "linux9-3", "linux9-4"
[12:06:22.255094] "linux8-1", "linux8-2", "linux8-3", "linux8-4", "linux9-1", "linux9-2", "linux9-3", "linux9-4"
[12:06:32.281684] "linux8-1", "linux8-2", "linux8-3", "linux8-4", "linux9-1", "linux9-2", "linux9-3", "linux9-4"
[12:06:32.281684] "linux8-1", "linux8-2", "linux8-3", "linux8-4", "linux9-1", "linux9-2", "linux9-3", "linux9-4"
[12:06:42.305488] "linux8-1", "linux8-2", "linux8-3", "linux8-4", "linux9-1", "linux9-2", "linux9-3", "linux9-4"
[12:06:52.332643] "linux8-1", "linux8-2", "linux8-3", "linux8-4", "linux9-1", "linux9-2", "linux9-3", "linux9-4"
[12:07:02.358632] "linux8-1", "linux8-2", "linux8-3", "linux8-4", "linux9-1", "linux9-2", "linux9-3", "linux9-4"
[12:07:12.383649] "linux8-1", "linux8-2", "linux8-3", "linux8-4", "linux9-1", "linux9-2", "linux9-3", "linux9-4"

